<?xml version="1.0" encoding="UTF-8"?>
<coverage generated="1704290635707" clover="3.2.0">
  <project timestamp="1704290635707" name="All files">
    <metrics statements="144" coveredstatements="113" conditionals="69" coveredconditionals="46" methods="55" coveredmethods="43" elements="268" coveredelements="202" complexity="0" loc="144" ncloc="144" packages="10" files="13" classes="13"/>
    <package name="components.movieCard">
      <metrics statements="34" coveredstatements="27" conditionals="21" coveredconditionals="17" methods="10" coveredmethods="8"/>
      <file name="MovieCard.jsx" path="/Users/k.ayo/Desktop/leo/src/components/movieCard/MovieCard.jsx">
        <metrics statements="34" coveredstatements="27" conditionals="21" coveredconditionals="17" methods="10" coveredmethods="8"/>
        <line num="27" count="90" type="stmt"/>
        <line num="28" count="90" type="stmt"/>
        <line num="30" count="126" type="stmt"/>
        <line num="31" count="126" type="stmt"/>
        <line num="33" count="90" type="stmt"/>
        <line num="34" count="90" type="stmt"/>
        <line num="35" count="90" type="stmt"/>
        <line num="37" count="90" type="stmt"/>
        <line num="38" count="50" type="stmt"/>
        <line num="40" count="50" type="stmt"/>
        <line num="43" count="90" type="stmt"/>
        <line num="44" count="50" type="stmt"/>
        <line num="46" count="50" type="stmt"/>
        <line num="49" count="90" type="stmt"/>
        <line num="50" count="2" type="stmt"/>
        <line num="51" count="2" type="stmt"/>
        <line num="52" count="0" type="stmt"/>
        <line num="54" count="2" type="cond" truecount="1" falsecount="1"/>
        <line num="55" count="2" type="stmt"/>
        <line num="57" count="0" type="stmt"/>
        <line num="70" count="90" type="stmt"/>
        <line num="71" count="2" type="stmt"/>
        <line num="80" count="90" type="stmt"/>
        <line num="81" count="0" type="cond" truecount="0" falsecount="2"/>
        <line num="82" count="0" type="stmt"/>
        <line num="83" count="0" type="stmt"/>
        <line num="89" count="0" type="stmt"/>
        <line num="99" count="0" type="stmt"/>
        <line num="107" count="90" type="stmt"/>
        <line num="108" count="2" type="stmt"/>
        <line num="109" count="2" type="stmt"/>
        <line num="115" count="90" type="stmt"/>
        <line num="203" count="3" type="stmt"/>
        <line num="207" count="3" type="stmt"/>
      </file>
    </package>
    <package name="components.movieHeader">
      <metrics statements="18" coveredstatements="12" conditionals="10" coveredconditionals="7" methods="5" coveredmethods="3"/>
      <file name="MovieHeader.jsx" path="/Users/k.ayo/Desktop/leo/src/components/movieHeader/MovieHeader.jsx">
        <metrics statements="18" coveredstatements="12" conditionals="10" coveredconditionals="7" methods="5" coveredmethods="3"/>
        <line num="23" count="10" type="stmt"/>
        <line num="24" count="10" type="stmt"/>
        <line num="25" count="10" type="stmt"/>
        <line num="26" count="14" type="stmt"/>
        <line num="28" count="10" type="stmt"/>
        <line num="33" count="10" type="stmt"/>
        <line num="34" count="6" type="stmt"/>
        <line num="36" count="6" type="stmt"/>
        <line num="39" count="10" type="stmt"/>
        <line num="40" count="0" type="cond" truecount="0" falsecount="2"/>
        <line num="41" count="0" type="stmt"/>
        <line num="42" count="0" type="stmt"/>
        <line num="48" count="0" type="stmt"/>
        <line num="58" count="0" type="stmt"/>
        <line num="66" count="10" type="stmt"/>
        <line num="67" count="0" type="stmt"/>
        <line num="76" count="10" type="stmt"/>
        <line num="151" count="1" type="stmt"/>
      </file>
    </package>
    <package name="components.movieList">
      <metrics statements="8" coveredstatements="7" conditionals="4" coveredconditionals="3" methods="4" coveredmethods="3"/>
      <file name="MovieList.jsx" path="/Users/k.ayo/Desktop/leo/src/components/movieList/MovieList.jsx">
        <metrics statements="8" coveredstatements="7" conditionals="4" coveredconditionals="3" methods="4" coveredmethods="3"/>
        <line num="13" count="3" type="stmt"/>
        <line num="14" count="6" type="stmt"/>
        <line num="16" count="3" type="stmt"/>
        <line num="17" count="3" type="stmt"/>
        <line num="18" count="0" type="stmt"/>
        <line num="22" count="3" type="stmt"/>
        <line num="29" count="2" type="cond" truecount="1" falsecount="1"/>
        <line num="52" count="1" type="stmt"/>
      </file>
    </package>
    <package name="components.navbar">
      <metrics statements="14" coveredstatements="13" conditionals="10" coveredconditionals="5" methods="5" coveredmethods="5"/>
      <file name="Navbar.jsx" path="/Users/k.ayo/Desktop/leo/src/components/navbar/Navbar.jsx">
        <metrics statements="14" coveredstatements="13" conditionals="10" coveredconditionals="5" methods="5" coveredmethods="5"/>
        <line num="16" count="16" type="stmt"/>
        <line num="17" count="16" type="stmt"/>
        <line num="18" count="16" type="stmt"/>
        <line num="20" count="16" type="stmt"/>
        <line num="21" count="27" type="stmt"/>
        <line num="22" count="27" type="stmt"/>
        <line num="24" count="16" type="stmt"/>
        <line num="25" count="1" type="stmt"/>
        <line num="28" count="16" type="stmt"/>
        <line num="29" count="16" type="cond" truecount="2" falsecount="0"/>
        <line num="30" count="1" type="cond" truecount="1" falsecount="1"/>
        <line num="31" count="1" type="stmt"/>
        <line num="33" count="0" type="stmt"/>
        <line num="37" count="16" type="stmt"/>
      </file>
    </package>
    <package name="components.searchInput">
      <metrics statements="11" coveredstatements="11" conditionals="4" coveredconditionals="4" methods="4" coveredmethods="4"/>
      <file name="SearchInput.jsx" path="/Users/k.ayo/Desktop/leo/src/components/searchInput/SearchInput.jsx">
        <metrics statements="11" coveredstatements="11" conditionals="4" coveredconditionals="4" methods="4" coveredmethods="4"/>
        <line num="8" count="18" type="stmt"/>
        <line num="9" count="18" type="stmt"/>
        <line num="11" count="18" type="stmt"/>
        <line num="12" count="18" type="stmt"/>
        <line num="14" count="18" type="stmt"/>
        <line num="16" count="18" type="stmt"/>
        <line num="17" count="1" type="cond" truecount="2" falsecount="0"/>
        <line num="20" count="18" type="stmt"/>
        <line num="21" count="17" type="stmt"/>
        <line num="24" count="18" type="stmt"/>
        <line num="30" count="1" type="stmt"/>
      </file>
    </package>
    <package name="pages.favourites">
      <metrics statements="2" coveredstatements="2" conditionals="0" coveredconditionals="0" methods="2" coveredmethods="2"/>
      <file name="Favourites.jsx" path="/Users/k.ayo/Desktop/leo/src/pages/favourites/Favourites.jsx">
        <metrics statements="2" coveredstatements="2" conditionals="0" coveredconditionals="0" methods="2" coveredmethods="2"/>
        <line num="7" count="14" type="stmt"/>
        <line num="9" count="7" type="stmt"/>
      </file>
    </package>
    <package name="pages.movies">
      <metrics statements="12" coveredstatements="11" conditionals="8" coveredconditionals="5" methods="5" coveredmethods="4"/>
      <file name="Movies.jsx" path="/Users/k.ayo/Desktop/leo/src/pages/movies/Movies.jsx">
        <metrics statements="12" coveredstatements="11" conditionals="8" coveredconditionals="5" methods="5" coveredmethods="4"/>
        <line num="13" count="2" type="stmt"/>
        <line num="14" count="2" type="stmt"/>
        <line num="15" count="2" type="stmt"/>
        <line num="17" count="4" type="stmt"/>
        <line num="19" count="2" type="stmt"/>
        <line num="20" count="1" type="cond" truecount="1" falsecount="1"/>
        <line num="21" count="1" type="stmt"/>
        <line num="23" count="1" type="stmt"/>
        <line num="24" count="1" type="stmt"/>
        <line num="29" count="2" type="stmt"/>
        <line num="30" count="0" type="stmt"/>
        <line num="33" count="2" type="stmt"/>
      </file>
    </package>
    <package name="pages.watchLater">
      <metrics statements="2" coveredstatements="2" conditionals="0" coveredconditionals="0" methods="2" coveredmethods="2"/>
      <file name="WatchLater.jsx" path="/Users/k.ayo/Desktop/leo/src/pages/watchLater/WatchLater.jsx">
        <metrics statements="2" coveredstatements="2" conditionals="0" coveredconditionals="0" methods="2" coveredmethods="2"/>
        <line num="7" count="14" type="stmt"/>
        <line num="9" count="7" type="stmt"/>
      </file>
    </package>
    <package name="store">
      <metrics statements="27" coveredstatements="16" conditionals="4" coveredconditionals="0" methods="12" coveredmethods="7"/>
      <file name="modalSlice.js" path="/Users/k.ayo/Desktop/leo/src/store/modalSlice.js">
        <metrics statements="9" coveredstatements="6" conditionals="0" coveredconditionals="0" methods="2" coveredmethods="1"/>
        <line num="4" count="4" type="stmt"/>
        <line num="13" count="4" type="stmt"/>
        <line num="14" count="4" type="stmt"/>
        <line num="15" count="4" type="stmt"/>
        <line num="16" count="4" type="stmt"/>
        <line num="20" count="0" type="stmt"/>
        <line num="21" count="0" type="stmt"/>
        <line num="22" count="0" type="stmt"/>
        <line num="27" count="4" type="stmt"/>
      </file>
      <file name="starredSlice.js" path="/Users/k.ayo/Desktop/leo/src/store/starredSlice.js">
        <metrics statements="9" coveredstatements="5" conditionals="2" coveredconditionals="0" methods="5" coveredmethods="3"/>
        <line num="3" count="4" type="stmt"/>
        <line num="10" count="0" type="stmt"/>
        <line num="12" count="0" type="stmt"/>
        <line num="14" count="0" type="cond" truecount="0" falsecount="2"/>
        <line num="15" count="0" type="stmt"/>
        <line num="20" count="5" type="stmt"/>
        <line num="21" count="4" type="stmt"/>
        <line num="24" count="1" type="stmt"/>
        <line num="29" count="4" type="stmt"/>
      </file>
      <file name="watchLaterSlice.js" path="/Users/k.ayo/Desktop/leo/src/store/watchLaterSlice.js">
        <metrics statements="9" coveredstatements="5" conditionals="2" coveredconditionals="0" methods="5" coveredmethods="3"/>
        <line num="3" count="4" type="stmt"/>
        <line num="10" count="0" type="stmt"/>
        <line num="12" count="0" type="stmt"/>
        <line num="14" count="0" type="cond" truecount="0" falsecount="2"/>
        <line num="15" count="0" type="stmt"/>
        <line num="20" count="5" type="stmt"/>
        <line num="21" count="4" type="stmt"/>
        <line num="24" count="3" type="stmt"/>
        <line num="29" count="4" type="stmt"/>
      </file>
    </package>
    <package name="utils">
      <metrics statements="16" coveredstatements="12" conditionals="8" coveredconditionals="5" methods="6" coveredmethods="5"/>
      <file name="data.js" path="/Users/k.ayo/Desktop/leo/src/utils/data.js">
        <metrics statements="1" coveredstatements="1" conditionals="0" coveredconditionals="0" methods="0" coveredmethods="0"/>
        <line num="1" count="3" type="stmt"/>
      </file>
      <file name="test.helpers.js" path="/Users/k.ayo/Desktop/leo/src/utils/test.helpers.js">
        <metrics statements="15" coveredstatements="11" conditionals="8" coveredconditionals="5" methods="6" coveredmethods="5"/>
        <line num="13" count="4" type="stmt"/>
        <line num="14" count="1" type="stmt"/>
        <line num="17" count="4" type="stmt"/>
        <line num="18" count="0" type="stmt"/>
        <line num="21" count="4" type="stmt"/>
        <line num="22" count="27" type="stmt"/>
        <line num="29" count="4" type="stmt"/>
        <line num="30" count="29" type="cond" truecount="2" falsecount="3"/>
        <line num="32" count="1" type="stmt"/>
        <line num="34" count="0" type="stmt"/>
        <line num="36" count="28" type="stmt"/>
        <line num="38" count="0" type="stmt"/>
        <line num="40" count="0" type="stmt"/>
        <line num="62" count="17" type="stmt"/>
        <line num="69" count="17" type="stmt"/>
      </file>
    </package>
  </project>
</coverage>
