{"/Users/k.ayo/Desktop/leo/src/components/movieCard/MovieCard.jsx": {"path":"/Users/k.ayo/Desktop/leo/src/components/movieCard/MovieCard.jsx","statementMap":{"0":{"start":{"line":27,"column":19},"end":{"line":27,"column":32}},"1":{"start":{"line":28,"column":26},"end":{"line":28,"column":36}},"2":{"start":{"line":30,"column":31},"end":{"line":30,"column":71}},"3":{"start":{"line":30,"column":54},"end":{"line":30,"column":70}},"4":{"start":{"line":31,"column":28},"end":{"line":31,"column":65}},"5":{"start":{"line":31,"column":51},"end":{"line":31,"column":64}},"6":{"start":{"line":33,"column":26},"end":{"line":33,"column":41}},"7":{"start":{"line":34,"column":34},"end":{"line":34,"column":48}},"8":{"start":{"line":35,"column":40},"end":{"line":35,"column":54}},"9":{"start":{"line":37,"column":2},"end":{"line":41,"column":46}},"10":{"start":{"line":38,"column":18},"end":{"line":38,"column":52}},"11":{"start":{"line":40,"column":4},"end":{"line":40,"column":26}},"12":{"start":{"line":43,"column":2},"end":{"line":47,"column":46}},"13":{"start":{"line":44,"column":18},"end":{"line":44,"column":55}},"14":{"start":{"line":46,"column":4},"end":{"line":46,"column":23}},"15":{"start":{"line":49,"column":21},"end":{"line":68,"column":3}},"16":{"start":{"line":50,"column":4},"end":{"line":50,"column":18}},"17":{"start":{"line":51,"column":4},"end":{"line":53,"column":13}},"18":{"start":{"line":52,"column":6},"end":{"line":52,"column":21}},"19":{"start":{"line":54,"column":4},"end":{"line":67,"column":5}},"20":{"start":{"line":55,"column":6},"end":{"line":55,"column":47}},"21":{"start":{"line":57,"column":6},"end":{"line":66,"column":8}},"22":{"start":{"line":70,"column":24},"end":{"line":78,"column":3}},"23":{"start":{"line":71,"column":4},"end":{"line":77,"column":6}},"24":{"start":{"line":80,"column":28},"end":{"line":105,"column":3}},"25":{"start":{"line":81,"column":4},"end":{"line":104,"column":5}},"26":{"start":{"line":82,"column":6},"end":{"line":82,"column":56}},"27":{"start":{"line":83,"column":6},"end":{"line":87,"column":9}},"28":{"start":{"line":89,"column":6},"end":{"line":98,"column":8}},"29":{"start":{"line":99,"column":6},"end":{"line":103,"column":9}},"30":{"start":{"line":107,"column":24},"end":{"line":114,"column":3}},"31":{"start":{"line":108,"column":4},"end":{"line":108,"column":54}},"32":{"start":{"line":109,"column":4},"end":{"line":113,"column":7}},"33":{"start":{"line":115,"column":2},"end":{"line":200,"column":4}},"34":{"start":{"line":203,"column":0},"end":{"line":205,"column":2}},"35":{"start":{"line":207,"column":0},"end":{"line":219,"column":2}}},"fnMap":{"0":{"name":"MovieCard","decl":{"start":{"line":26,"column":9},"end":{"line":26,"column":18}},"loc":{"start":{"line":26,"column":57},"end":{"line":201,"column":1}},"line":26},"1":{"name":"(anonymous_1)","decl":{"start":{"line":30,"column":43},"end":{"line":30,"column":44}},"loc":{"start":{"line":30,"column":54},"end":{"line":30,"column":70}},"line":30},"2":{"name":"(anonymous_2)","decl":{"start":{"line":31,"column":40},"end":{"line":31,"column":41}},"loc":{"start":{"line":31,"column":51},"end":{"line":31,"column":64}},"line":31},"3":{"name":"(anonymous_3)","decl":{"start":{"line":37,"column":12},"end":{"line":37,"column":13}},"loc":{"start":{"line":37,"column":18},"end":{"line":41,"column":3}},"line":37},"4":{"name":"(anonymous_4)","decl":{"start":{"line":43,"column":12},"end":{"line":43,"column":13}},"loc":{"start":{"line":43,"column":18},"end":{"line":47,"column":3}},"line":43},"5":{"name":"(anonymous_5)","decl":{"start":{"line":49,"column":21},"end":{"line":49,"column":22}},"loc":{"start":{"line":49,"column":27},"end":{"line":68,"column":3}},"line":49},"6":{"name":"(anonymous_6)","decl":{"start":{"line":51,"column":15},"end":{"line":51,"column":16}},"loc":{"start":{"line":51,"column":21},"end":{"line":53,"column":5}},"line":51},"7":{"name":"(anonymous_7)","decl":{"start":{"line":70,"column":24},"end":{"line":70,"column":25}},"loc":{"start":{"line":70,"column":30},"end":{"line":78,"column":3}},"line":70},"8":{"name":"(anonymous_8)","decl":{"start":{"line":80,"column":28},"end":{"line":80,"column":29}},"loc":{"start":{"line":80,"column":34},"end":{"line":105,"column":3}},"line":80},"9":{"name":"(anonymous_9)","decl":{"start":{"line":107,"column":24},"end":{"line":107,"column":25}},"loc":{"start":{"line":107,"column":30},"end":{"line":114,"column":3}},"line":107}},"branchMap":{"0":{"loc":{"start":{"line":26,"column":28},"end":{"line":26,"column":47}},"type":"default-arg","locations":[{"start":{"line":26,"column":38},"end":{"line":26,"column":47}}],"line":26},"1":{"loc":{"start":{"line":54,"column":4},"end":{"line":67,"column":5}},"type":"if","locations":[{"start":{"line":54,"column":4},"end":{"line":67,"column":5}},{"start":{"line":56,"column":11},"end":{"line":67,"column":5}}],"line":54},"2":{"loc":{"start":{"line":81,"column":4},"end":{"line":104,"column":5}},"type":"if","locations":[{"start":{"line":81,"column":4},"end":{"line":104,"column":5}},{"start":{"line":88,"column":11},"end":{"line":104,"column":5}}],"line":81},"3":{"loc":{"start":{"line":121,"column":12},"end":{"line":123,"column":55}},"type":"cond-expr","locations":[{"start":{"line":122,"column":16},"end":{"line":122,"column":65}},{"start":{"line":123,"column":16},"end":{"line":123,"column":55}}],"line":121},"4":{"loc":{"start":{"line":127,"column":38},"end":{"line":127,"column":76}},"type":"binary-expr","locations":[{"start":{"line":127,"column":38},"end":{"line":127,"column":59}},{"start":{"line":127,"column":63},"end":{"line":127,"column":76}}],"line":127},"5":{"loc":{"start":{"line":132,"column":11},"end":{"line":141,"column":11}},"type":"binary-expr","locations":[{"start":{"line":132,"column":11},"end":{"line":132,"column":32}},{"start":{"line":133,"column":12},"end":{"line":140,"column":18}}],"line":132},"6":{"loc":{"start":{"line":143,"column":9},"end":{"line":188,"column":9}},"type":"binary-expr","locations":[{"start":{"line":143,"column":9},"end":{"line":143,"column":30}},{"start":{"line":144,"column":10},"end":{"line":187,"column":16}}],"line":143},"7":{"loc":{"start":{"line":163,"column":15},"end":{"line":185,"column":15}},"type":"binary-expr","locations":[{"start":{"line":163,"column":15},"end":{"line":163,"column":38}},{"start":{"line":164,"column":16},"end":{"line":184,"column":18}}],"line":163},"8":{"loc":{"start":{"line":170,"column":20},"end":{"line":174,"column":21}},"type":"cond-expr","locations":[{"start":{"line":171,"column":22},"end":{"line":171,"column":36}},{"start":{"line":173,"column":22},"end":{"line":173,"column":60}}],"line":170},"9":{"loc":{"start":{"line":193,"column":27},"end":{"line":193,"column":55}},"type":"cond-expr","locations":[{"start":{"line":193,"column":41},"end":{"line":193,"column":50}},{"start":{"line":193,"column":53},"end":{"line":193,"column":55}}],"line":193},"10":{"loc":{"start":{"line":196,"column":35},"end":{"line":196,"column":54}},"type":"cond-expr","locations":[{"start":{"line":196,"column":42},"end":{"line":196,"column":49}},{"start":{"line":196,"column":52},"end":{"line":196,"column":54}}],"line":196}},"s":{"0":90,"1":90,"2":90,"3":126,"4":90,"5":126,"6":90,"7":90,"8":90,"9":90,"10":50,"11":50,"12":90,"13":50,"14":50,"15":90,"16":2,"17":2,"18":0,"19":2,"20":2,"21":0,"22":90,"23":2,"24":90,"25":0,"26":0,"27":0,"28":0,"29":0,"30":90,"31":2,"32":2,"33":90,"34":3,"35":3},"f":{"0":90,"1":126,"2":126,"3":50,"4":50,"5":2,"6":0,"7":2,"8":0,"9":2},"b":{"0":[0],"1":[2,0],"2":[0,0],"3":[84,6],"4":[90,66],"5":[90,66],"6":[90,24],"7":[24,24],"8":[8,16],"9":[40,50],"10":[6,84]},"_coverageSchema":"1a1c01bbd47fc00a2c39e90264f33305004495a9","hash":"e3104d065060d7a8ae36f3671339b659fdac3a41"}
,"/Users/k.ayo/Desktop/leo/src/components/movieHeader/MovieHeader.jsx": {"path":"/Users/k.ayo/Desktop/leo/src/components/movieHeader/MovieHeader.jsx","statementMap":{"0":{"start":{"line":23,"column":19},"end":{"line":23,"column":32}},"1":{"start":{"line":24,"column":26},"end":{"line":24,"column":36}},"2":{"start":{"line":25,"column":34},"end":{"line":25,"column":48}},"3":{"start":{"line":26,"column":31},"end":{"line":26,"column":71}},"4":{"start":{"line":26,"column":54},"end":{"line":26,"column":70}},"5":{"start":{"line":28,"column":21},"end":{"line":32,"column":3}},"6":{"start":{"line":33,"column":2},"end":{"line":37,"column":45}},"7":{"start":{"line":34,"column":18},"end":{"line":34,"column":54}},"8":{"start":{"line":36,"column":4},"end":{"line":36,"column":23}},"9":{"start":{"line":39,"column":28},"end":{"line":64,"column":3}},"10":{"start":{"line":40,"column":4},"end":{"line":63,"column":5}},"11":{"start":{"line":41,"column":6},"end":{"line":41,"column":55}},"12":{"start":{"line":42,"column":6},"end":{"line":46,"column":9}},"13":{"start":{"line":48,"column":6},"end":{"line":57,"column":8}},"14":{"start":{"line":58,"column":6},"end":{"line":62,"column":9}},"15":{"start":{"line":66,"column":24},"end":{"line":74,"column":3}},"16":{"start":{"line":67,"column":4},"end":{"line":73,"column":6}},"17":{"start":{"line":76,"column":2},"end":{"line":148,"column":4}},"18":{"start":{"line":151,"column":0},"end":{"line":163,"column":2}}},"fnMap":{"0":{"name":"MovieHeader","decl":{"start":{"line":22,"column":9},"end":{"line":22,"column":20}},"loc":{"start":{"line":22,"column":44},"end":{"line":149,"column":1}},"line":22},"1":{"name":"(anonymous_1)","decl":{"start":{"line":26,"column":43},"end":{"line":26,"column":44}},"loc":{"start":{"line":26,"column":54},"end":{"line":26,"column":70}},"line":26},"2":{"name":"(anonymous_2)","decl":{"start":{"line":33,"column":12},"end":{"line":33,"column":13}},"loc":{"start":{"line":33,"column":18},"end":{"line":37,"column":3}},"line":33},"3":{"name":"(anonymous_3)","decl":{"start":{"line":39,"column":28},"end":{"line":39,"column":29}},"loc":{"start":{"line":39,"column":34},"end":{"line":64,"column":3}},"line":39},"4":{"name":"(anonymous_4)","decl":{"start":{"line":66,"column":24},"end":{"line":66,"column":25}},"loc":{"start":{"line":66,"column":30},"end":{"line":74,"column":3}},"line":66}},"branchMap":{"0":{"loc":{"start":{"line":29,"column":16},"end":{"line":31,"column":71}},"type":"cond-expr","locations":[{"start":{"line":30,"column":8},"end":{"line":30,"column":147}},{"start":{"line":31,"column":8},"end":{"line":31,"column":71}}],"line":29},"1":{"loc":{"start":{"line":40,"column":4},"end":{"line":63,"column":5}},"type":"if","locations":[{"start":{"line":40,"column":4},"end":{"line":63,"column":5}},{"start":{"line":47,"column":11},"end":{"line":63,"column":5}}],"line":40},"2":{"loc":{"start":{"line":78,"column":7},"end":{"line":146,"column":7}},"type":"cond-expr","locations":[{"start":{"line":79,"column":8},"end":{"line":88,"column":10}},{"start":{"line":90,"column":8},"end":{"line":145,"column":14}}],"line":78},"3":{"loc":{"start":{"line":97,"column":15},"end":{"line":99,"column":32}},"type":"cond-expr","locations":[{"start":{"line":98,"column":18},"end":{"line":98,"column":59}},{"start":{"line":99,"column":18},"end":{"line":99,"column":32}}],"line":97},"4":{"loc":{"start":{"line":128,"column":18},"end":{"line":132,"column":19}},"type":"cond-expr","locations":[{"start":{"line":129,"column":20},"end":{"line":129,"column":34}},{"start":{"line":131,"column":20},"end":{"line":131,"column":58}}],"line":128}},"s":{"0":10,"1":10,"2":10,"3":10,"4":14,"5":10,"6":10,"7":6,"8":6,"9":10,"10":0,"11":0,"12":0,"13":0,"14":0,"15":10,"16":0,"17":10,"18":1},"f":{"0":10,"1":14,"2":6,"3":0,"4":0},"b":{"0":[3,7],"1":[0,0],"2":[6,4],"3":[0,4],"4":[2,2]},"_coverageSchema":"1a1c01bbd47fc00a2c39e90264f33305004495a9","hash":"b4800a5aa6ea051d67254c159c053192610c0c71"}
,"/Users/k.ayo/Desktop/leo/src/components/movieList/MovieList.jsx": {"path":"/Users/k.ayo/Desktop/leo/src/components/movieList/MovieList.jsx","statementMap":{"0":{"start":{"line":13,"column":47},"end":{"line":15,"column":3}},"1":{"start":{"line":14,"column":15},"end":{"line":14,"column":27}},"2":{"start":{"line":16,"column":18},"end":{"line":16,"column":43}},"3":{"start":{"line":17,"column":23},"end":{"line":20,"column":3}},"4":{"start":{"line":18,"column":10},"end":{"line":18,"column":24}},"5":{"start":{"line":22,"column":2},"end":{"line":49,"column":4}},"6":{"start":{"line":29,"column":10},"end":{"line":45,"column":11}},"7":{"start":{"line":52,"column":0},"end":{"line":54,"column":2}}},"fnMap":{"0":{"name":"MovieList","decl":{"start":{"line":12,"column":9},"end":{"line":12,"column":18}},"loc":{"start":{"line":12,"column":37},"end":{"line":50,"column":1}},"line":12},"1":{"name":"(anonymous_1)","decl":{"start":{"line":14,"column":4},"end":{"line":14,"column":5}},"loc":{"start":{"line":14,"column":15},"end":{"line":14,"column":27}},"line":14},"2":{"name":"(anonymous_2)","decl":{"start":{"line":18,"column":4},"end":{"line":18,"column":5}},"loc":{"start":{"line":18,"column":10},"end":{"line":18,"column":24}},"line":18},"3":{"name":"(anonymous_3)","decl":{"start":{"line":28,"column":33},"end":{"line":28,"column":34}},"loc":{"start":{"line":29,"column":10},"end":{"line":45,"column":11}},"line":29}},"branchMap":{"0":{"loc":{"start":{"line":29,"column":10},"end":{"line":45,"column":11}},"type":"cond-expr","locations":[{"start":{"line":30,"column":12},"end":{"line":37,"column":14}},{"start":{"line":39,"column":12},"end":{"line":44,"column":18}}],"line":29},"1":{"loc":{"start":{"line":41,"column":19},"end":{"line":41,"column":64}},"type":"cond-expr","locations":[{"start":{"line":41,"column":45},"end":{"line":41,"column":57}},{"start":{"line":41,"column":60},"end":{"line":41,"column":64}}],"line":41}},"s":{"0":3,"1":6,"2":3,"3":3,"4":0,"5":3,"6":2,"7":1},"f":{"0":3,"1":6,"2":0,"3":2},"b":{"0":[0,2],"1":[1,1]},"_coverageSchema":"1a1c01bbd47fc00a2c39e90264f33305004495a9","hash":"8c35daee48aa4bb1e5d9c5430e1f831ea6be0534"}
,"/Users/k.ayo/Desktop/leo/src/components/navbar/Navbar.jsx": {"path":"/Users/k.ayo/Desktop/leo/src/components/navbar/Navbar.jsx","statementMap":{"0":{"start":{"line":16,"column":19},"end":{"line":16,"column":32}},"1":{"start":{"line":17,"column":19},"end":{"line":17,"column":32}},"2":{"start":{"line":18,"column":19},"end":{"line":18,"column":32}},"3":{"start":{"line":20,"column":23},"end":{"line":20,"column":31}},"4":{"start":{"line":21,"column":28},"end":{"line":21,"column":65}},"5":{"start":{"line":21,"column":51},"end":{"line":21,"column":64}},"6":{"start":{"line":22,"column":31},"end":{"line":22,"column":71}},"7":{"start":{"line":22,"column":54},"end":{"line":22,"column":70}},"8":{"start":{"line":24,"column":22},"end":{"line":26,"column":3}},"9":{"start":{"line":25,"column":4},"end":{"line":25,"column":24}},"10":{"start":{"line":28,"column":19},"end":{"line":36,"column":3}},"11":{"start":{"line":29,"column":4},"end":{"line":35,"column":5}},"12":{"start":{"line":30,"column":6},"end":{"line":34,"column":7}},"13":{"start":{"line":31,"column":8},"end":{"line":31,"column":54}},"14":{"start":{"line":33,"column":8},"end":{"line":33,"column":52}},"15":{"start":{"line":37,"column":2},"end":{"line":70,"column":4}}},"fnMap":{"0":{"name":"Navbar","decl":{"start":{"line":15,"column":9},"end":{"line":15,"column":15}},"loc":{"start":{"line":15,"column":18},"end":{"line":71,"column":1}},"line":15},"1":{"name":"(anonymous_1)","decl":{"start":{"line":21,"column":40},"end":{"line":21,"column":41}},"loc":{"start":{"line":21,"column":51},"end":{"line":21,"column":64}},"line":21},"2":{"name":"(anonymous_2)","decl":{"start":{"line":22,"column":43},"end":{"line":22,"column":44}},"loc":{"start":{"line":22,"column":54},"end":{"line":22,"column":70}},"line":22},"3":{"name":"(anonymous_3)","decl":{"start":{"line":24,"column":22},"end":{"line":24,"column":23}},"loc":{"start":{"line":24,"column":28},"end":{"line":26,"column":3}},"line":24},"4":{"name":"(anonymous_4)","decl":{"start":{"line":28,"column":19},"end":{"line":28,"column":20}},"loc":{"start":{"line":28,"column":30},"end":{"line":36,"column":3}},"line":28}},"branchMap":{"0":{"loc":{"start":{"line":29,"column":4},"end":{"line":35,"column":5}},"type":"if","locations":[{"start":{"line":29,"column":4},"end":{"line":35,"column":5}},{"start":{},"end":{}}],"line":29},"1":{"loc":{"start":{"line":30,"column":6},"end":{"line":34,"column":7}},"type":"if","locations":[{"start":{"line":30,"column":6},"end":{"line":34,"column":7}},{"start":{"line":32,"column":13},"end":{"line":34,"column":7}}],"line":30},"2":{"loc":{"start":{"line":54,"column":13},"end":{"line":56,"column":13}},"type":"binary-expr","locations":[{"start":{"line":54,"column":13},"end":{"line":54,"column":38}},{"start":{"line":54,"column":42},"end":{"line":54,"column":68}},{"start":{"line":55,"column":14},"end":{"line":55,"column":73}}],"line":54},"3":{"loc":{"start":{"line":60,"column":13},"end":{"line":62,"column":13}},"type":"binary-expr","locations":[{"start":{"line":60,"column":13},"end":{"line":60,"column":41}},{"start":{"line":60,"column":45},"end":{"line":60,"column":72}},{"start":{"line":61,"column":14},"end":{"line":61,"column":76}}],"line":60}},"s":{"0":16,"1":16,"2":16,"3":16,"4":16,"5":27,"6":16,"7":27,"8":16,"9":1,"10":16,"11":16,"12":1,"13":1,"14":0,"15":16},"f":{"0":16,"1":27,"2":27,"3":1,"4":16},"b":{"0":[1,15],"1":[1,0],"2":[16,0,0],"3":[16,0,0]},"_coverageSchema":"1a1c01bbd47fc00a2c39e90264f33305004495a9","hash":"dda440ac353fb0c341d9c7cbb41835fc66e75074"}
,"/Users/k.ayo/Desktop/leo/src/components/searchInput/SearchInput.jsx": {"path":"/Users/k.ayo/Desktop/leo/src/components/searchInput/SearchInput.jsx","statementMap":{"0":{"start":{"line":8,"column":19},"end":{"line":8,"column":32}},"1":{"start":{"line":9,"column":23},"end":{"line":9,"column":36}},"2":{"start":{"line":11,"column":42},"end":{"line":11,"column":61}},"3":{"start":{"line":12,"column":16},"end":{"line":12,"column":41}},"4":{"start":{"line":14,"column":31},"end":{"line":14,"column":54}},"5":{"start":{"line":16,"column":22},"end":{"line":18,"column":3}},"6":{"start":{"line":17,"column":4},"end":{"line":17,"column":50}},"7":{"start":{"line":20,"column":2},"end":{"line":22,"column":39}},"8":{"start":{"line":21,"column":4},"end":{"line":21,"column":35}},"9":{"start":{"line":24,"column":2},"end":{"line":39,"column":4}},"10":{"start":{"line":30,"column":25},"end":{"line":30,"column":67}}},"fnMap":{"0":{"name":"SearchInput","decl":{"start":{"line":7,"column":9},"end":{"line":7,"column":20}},"loc":{"start":{"line":7,"column":35},"end":{"line":40,"column":1}},"line":7},"1":{"name":"(anonymous_1)","decl":{"start":{"line":16,"column":22},"end":{"line":16,"column":23}},"loc":{"start":{"line":16,"column":28},"end":{"line":18,"column":3}},"line":16},"2":{"name":"(anonymous_2)","decl":{"start":{"line":20,"column":12},"end":{"line":20,"column":13}},"loc":{"start":{"line":20,"column":18},"end":{"line":22,"column":3}},"line":20},"3":{"name":"(anonymous_3)","decl":{"start":{"line":30,"column":18},"end":{"line":30,"column":19}},"loc":{"start":{"line":30,"column":25},"end":{"line":30,"column":67}},"line":30}},"branchMap":{"0":{"loc":{"start":{"line":17,"column":4},"end":{"line":17,"column":49}},"type":"binary-expr","locations":[{"start":{"line":17,"column":4},"end":{"line":17,"column":26}},{"start":{"line":17,"column":30},"end":{"line":17,"column":49}}],"line":17},"1":{"loc":{"start":{"line":29,"column":15},"end":{"line":29,"column":26}},"type":"binary-expr","locations":[{"start":{"line":29,"column":15},"end":{"line":29,"column":20}},{"start":{"line":29,"column":24},"end":{"line":29,"column":26}}],"line":29}},"s":{"0":18,"1":18,"2":18,"3":18,"4":18,"5":18,"6":1,"7":18,"8":17,"9":18,"10":1},"f":{"0":18,"1":1,"2":17,"3":1},"b":{"0":[1,1],"1":[18,15]},"_coverageSchema":"1a1c01bbd47fc00a2c39e90264f33305004495a9","hash":"2135a58b2eb1c5eea31f296f64ef1a6947278b85"}
,"/Users/k.ayo/Desktop/leo/src/pages/favourites/Favourites.jsx": {"path":"/Users/k.ayo/Desktop/leo/src/pages/favourites/Favourites.jsx","statementMap":{"0":{"start":{"line":7,"column":28},"end":{"line":7,"column":65}},"1":{"start":{"line":7,"column":51},"end":{"line":7,"column":64}},"2":{"start":{"line":9,"column":2},"end":{"line":16,"column":4}}},"fnMap":{"0":{"name":"Favourites","decl":{"start":{"line":6,"column":9},"end":{"line":6,"column":19}},"loc":{"start":{"line":6,"column":22},"end":{"line":17,"column":1}},"line":6},"1":{"name":"(anonymous_1)","decl":{"start":{"line":7,"column":40},"end":{"line":7,"column":41}},"loc":{"start":{"line":7,"column":51},"end":{"line":7,"column":64}},"line":7}},"branchMap":{},"s":{"0":7,"1":14,"2":7},"f":{"0":7,"1":14},"b":{},"_coverageSchema":"1a1c01bbd47fc00a2c39e90264f33305004495a9","hash":"6e9fa41a7eb3fb36563f043c8abd58969e96ab04"}
,"/Users/k.ayo/Desktop/leo/src/pages/movies/Movies.jsx": {"path":"/Users/k.ayo/Desktop/leo/src/pages/movies/Movies.jsx","statementMap":{"0":{"start":{"line":13,"column":19},"end":{"line":13,"column":32}},"1":{"start":{"line":14,"column":17},"end":{"line":14,"column":28}},"2":{"start":{"line":15,"column":20},"end":{"line":15,"column":33}},"3":{"start":{"line":17,"column":40},"end":{"line":17,"column":76}},"4":{"start":{"line":17,"column":63},"end":{"line":17,"column":75}},"5":{"start":{"line":19,"column":2},"end":{"line":27,"column":23}},"6":{"start":{"line":20,"column":4},"end":{"line":26,"column":5}},"7":{"start":{"line":21,"column":6},"end":{"line":21,"column":53}},"8":{"start":{"line":23,"column":6},"end":{"line":25,"column":8}},"9":{"start":{"line":24,"column":8},"end":{"line":24,"column":33}},"10":{"start":{"line":29,"column":23},"end":{"line":31,"column":3}},"11":{"start":{"line":30,"column":4},"end":{"line":30,"column":55}},"12":{"start":{"line":33,"column":2},"end":{"line":51,"column":4}}},"fnMap":{"0":{"name":"Movies","decl":{"start":{"line":12,"column":9},"end":{"line":12,"column":15}},"loc":{"start":{"line":12,"column":18},"end":{"line":52,"column":1}},"line":12},"1":{"name":"(anonymous_1)","decl":{"start":{"line":17,"column":52},"end":{"line":17,"column":53}},"loc":{"start":{"line":17,"column":63},"end":{"line":17,"column":75}},"line":17},"2":{"name":"(anonymous_2)","decl":{"start":{"line":19,"column":12},"end":{"line":19,"column":13}},"loc":{"start":{"line":19,"column":18},"end":{"line":27,"column":3}},"line":19},"3":{"name":"(anonymous_3)","decl":{"start":{"line":23,"column":13},"end":{"line":23,"column":14}},"loc":{"start":{"line":23,"column":19},"end":{"line":25,"column":7}},"line":23},"4":{"name":"(anonymous_4)","decl":{"start":{"line":29,"column":23},"end":{"line":29,"column":24}},"loc":{"start":{"line":29,"column":29},"end":{"line":31,"column":3}},"line":29}},"branchMap":{"0":{"loc":{"start":{"line":20,"column":4},"end":{"line":26,"column":5}},"type":"if","locations":[{"start":{"line":20,"column":4},"end":{"line":26,"column":5}},{"start":{},"end":{}}],"line":20},"1":{"loc":{"start":{"line":35,"column":7},"end":{"line":49,"column":7}},"type":"cond-expr","locations":[{"start":{"line":36,"column":8},"end":{"line":39,"column":10}},{"start":{"line":41,"column":8},"end":{"line":48,"column":14}}],"line":35},"2":{"loc":{"start":{"line":35,"column":7},"end":{"line":35,"column":51}},"type":"binary-expr","locations":[{"start":{"line":35,"column":7},"end":{"line":35,"column":22}},{"start":{"line":35,"column":26},"end":{"line":35,"column":51}}],"line":35},"3":{"loc":{"start":{"line":43,"column":18},"end":{"line":43,"column":50}},"type":"cond-expr","locations":[{"start":{"line":43,"column":36},"end":{"line":43,"column":38}},{"start":{"line":43,"column":41},"end":{"line":43,"column":50}}],"line":43}},"s":{"0":2,"1":2,"2":2,"3":2,"4":4,"5":2,"6":1,"7":1,"8":1,"9":1,"10":2,"11":0,"12":2},"f":{"0":2,"1":4,"2":1,"3":1,"4":0},"b":{"0":[1,0],"1":[0,2],"2":[2,2],"3":[2,0]},"_coverageSchema":"1a1c01bbd47fc00a2c39e90264f33305004495a9","hash":"e546ad3a8ee143340a3f0e48ac2593520a039677"}
,"/Users/k.ayo/Desktop/leo/src/pages/watchLater/WatchLater.jsx": {"path":"/Users/k.ayo/Desktop/leo/src/pages/watchLater/WatchLater.jsx","statementMap":{"0":{"start":{"line":7,"column":31},"end":{"line":7,"column":71}},"1":{"start":{"line":7,"column":54},"end":{"line":7,"column":70}},"2":{"start":{"line":9,"column":2},"end":{"line":16,"column":4}}},"fnMap":{"0":{"name":"WatchLater","decl":{"start":{"line":6,"column":9},"end":{"line":6,"column":19}},"loc":{"start":{"line":6,"column":22},"end":{"line":17,"column":1}},"line":6},"1":{"name":"(anonymous_1)","decl":{"start":{"line":7,"column":43},"end":{"line":7,"column":44}},"loc":{"start":{"line":7,"column":54},"end":{"line":7,"column":70}},"line":7}},"branchMap":{},"s":{"0":7,"1":14,"2":7},"f":{"0":7,"1":14},"b":{},"_coverageSchema":"1a1c01bbd47fc00a2c39e90264f33305004495a9","hash":"b9f6df50100ee10aa597bd8b03d1bf4deaff0712"}
,"/Users/k.ayo/Desktop/leo/src/store/modalSlice.js": {"path":"/Users/k.ayo/Desktop/leo/src/store/modalSlice.js","statementMap":{"0":{"start":{"line":4,"column":19},"end":{"line":25,"column":2}},"1":{"start":{"line":13,"column":63},"end":{"line":13,"column":77}},"2":{"start":{"line":14,"column":12},"end":{"line":14,"column":44}},"3":{"start":{"line":15,"column":12},"end":{"line":15,"column":44}},"4":{"start":{"line":16,"column":12},"end":{"line":16,"column":46}},"5":{"start":{"line":20,"column":12},"end":{"line":20,"column":38}},"6":{"start":{"line":21,"column":12},"end":{"line":21,"column":35}},"7":{"start":{"line":22,"column":12},"end":{"line":22,"column":36}},"8":{"start":{"line":27,"column":41},"end":{"line":27,"column":59}}},"fnMap":{"0":{"name":"(anonymous_0)","decl":{"start":{"line":12,"column":19},"end":{"line":12,"column":20}},"loc":{"start":{"line":12,"column":38},"end":{"line":18,"column":9}},"line":12},"1":{"name":"(anonymous_1)","decl":{"start":{"line":19,"column":20},"end":{"line":19,"column":21}},"loc":{"start":{"line":19,"column":31},"end":{"line":23,"column":9}},"line":19}},"branchMap":{},"s":{"0":4,"1":4,"2":4,"3":4,"4":4,"5":0,"6":0,"7":0,"8":4},"f":{"0":4,"1":0},"b":{},"_coverageSchema":"1a1c01bbd47fc00a2c39e90264f33305004495a9","hash":"fd3040a729aa44f29feab9f7e11b3b0ec9bbeb65"}
,"/Users/k.ayo/Desktop/leo/src/store/starredSlice.js": {"path":"/Users/k.ayo/Desktop/leo/src/store/starredSlice.js","statementMap":{"0":{"start":{"line":3,"column":21},"end":{"line":27,"column":2}},"1":{"start":{"line":10,"column":31},"end":{"line":10,"column":45}},"2":{"start":{"line":12,"column":37},"end":{"line":12,"column":98}},"3":{"start":{"line":12,"column":71},"end":{"line":12,"column":97}},"4":{"start":{"line":14,"column":12},"end":{"line":16,"column":13}},"5":{"start":{"line":15,"column":16},"end":{"line":15,"column":75}},"6":{"start":{"line":20,"column":30},"end":{"line":20,"column":96}},"7":{"start":{"line":20,"column":67},"end":{"line":20,"column":95}},"8":{"start":{"line":21,"column":12},"end":{"line":21,"column":52}},"9":{"start":{"line":24,"column":12},"end":{"line":24,"column":36}},"10":{"start":{"line":29,"column":59},"end":{"line":29,"column":79}}},"fnMap":{"0":{"name":"(anonymous_0)","decl":{"start":{"line":9,"column":19},"end":{"line":9,"column":20}},"loc":{"start":{"line":9,"column":38},"end":{"line":18,"column":9}},"line":9},"1":{"name":"(anonymous_1)","decl":{"start":{"line":12,"column":62},"end":{"line":12,"column":63}},"loc":{"start":{"line":12,"column":71},"end":{"line":12,"column":97}},"line":12},"2":{"name":"(anonymous_2)","decl":{"start":{"line":19,"column":21},"end":{"line":19,"column":22}},"loc":{"start":{"line":19,"column":40},"end":{"line":22,"column":9}},"line":19},"3":{"name":"(anonymous_3)","decl":{"start":{"line":20,"column":60},"end":{"line":20,"column":61}},"loc":{"start":{"line":20,"column":67},"end":{"line":20,"column":95}},"line":20},"4":{"name":"(anonymous_4)","decl":{"start":{"line":23,"column":25},"end":{"line":23,"column":26}},"loc":{"start":{"line":23,"column":36},"end":{"line":25,"column":9}},"line":23}},"branchMap":{"0":{"loc":{"start":{"line":14,"column":12},"end":{"line":16,"column":13}},"type":"if","locations":[{"start":{"line":14,"column":12},"end":{"line":16,"column":13}},{"start":{},"end":{}}],"line":14}},"s":{"0":4,"1":0,"2":0,"3":0,"4":0,"5":0,"6":4,"7":5,"8":4,"9":1,"10":4},"f":{"0":0,"1":0,"2":4,"3":5,"4":1},"b":{"0":[0,0]},"_coverageSchema":"1a1c01bbd47fc00a2c39e90264f33305004495a9","hash":"b819cae5097dde18048c51b1c00eba08413d7a9f"}
,"/Users/k.ayo/Desktop/leo/src/store/watchLaterSlice.js": {"path":"/Users/k.ayo/Desktop/leo/src/store/watchLaterSlice.js","statementMap":{"0":{"start":{"line":3,"column":24},"end":{"line":27,"column":2}},"1":{"start":{"line":10,"column":25},"end":{"line":10,"column":39}},"2":{"start":{"line":12,"column":36},"end":{"line":12,"column":100}},"3":{"start":{"line":12,"column":73},"end":{"line":12,"column":99}},"4":{"start":{"line":14,"column":6},"end":{"line":16,"column":7}},"5":{"start":{"line":15,"column":8},"end":{"line":15,"column":73}},"6":{"start":{"line":20,"column":24},"end":{"line":20,"column":95}},"7":{"start":{"line":20,"column":66},"end":{"line":20,"column":94}},"8":{"start":{"line":21,"column":6},"end":{"line":21,"column":50}},"9":{"start":{"line":24,"column":6},"end":{"line":24,"column":34}},"10":{"start":{"line":29,"column":78},"end":{"line":29,"column":101}}},"fnMap":{"0":{"name":"(anonymous_0)","decl":{"start":{"line":9,"column":21},"end":{"line":9,"column":22}},"loc":{"start":{"line":9,"column":40},"end":{"line":18,"column":5}},"line":9},"1":{"name":"(anonymous_1)","decl":{"start":{"line":12,"column":64},"end":{"line":12,"column":65}},"loc":{"start":{"line":12,"column":73},"end":{"line":12,"column":99}},"line":12},"2":{"name":"(anonymous_2)","decl":{"start":{"line":19,"column":26},"end":{"line":19,"column":27}},"loc":{"start":{"line":19,"column":45},"end":{"line":22,"column":5}},"line":19},"3":{"name":"(anonymous_3)","decl":{"start":{"line":20,"column":57},"end":{"line":20,"column":58}},"loc":{"start":{"line":20,"column":66},"end":{"line":20,"column":94}},"line":20},"4":{"name":"(anonymous_4)","decl":{"start":{"line":23,"column":25},"end":{"line":23,"column":26}},"loc":{"start":{"line":23,"column":36},"end":{"line":25,"column":5}},"line":23}},"branchMap":{"0":{"loc":{"start":{"line":14,"column":6},"end":{"line":16,"column":7}},"type":"if","locations":[{"start":{"line":14,"column":6},"end":{"line":16,"column":7}},{"start":{},"end":{}}],"line":14}},"s":{"0":4,"1":0,"2":0,"3":0,"4":0,"5":0,"6":4,"7":5,"8":4,"9":3,"10":4},"f":{"0":0,"1":0,"2":4,"3":5,"4":3},"b":{"0":[0,0]},"_coverageSchema":"1a1c01bbd47fc00a2c39e90264f33305004495a9","hash":"51a56def06c4b57b01121dbe0b901f796e9c1e58"}
,"/Users/k.ayo/Desktop/leo/src/utils/data.js": {"path":"/Users/k.ayo/Desktop/leo/src/utils/data.js","statementMap":{"0":{"start":{"line":1,"column":24},"end":{"line":113,"column":1}}},"fnMap":{},"branchMap":{},"s":{"0":3},"f":{},"b":{},"_coverageSchema":"1a1c01bbd47fc00a2c39e90264f33305004495a9","hash":"c08f917b19c05bd3d0b46eeb561b61536eb28fa8"}
,"/Users/k.ayo/Desktop/leo/src/utils/test.helpers.js": {"path":"/Users/k.ayo/Desktop/leo/src/utils/test.helpers.js","statementMap":{"0":{"start":{"line":13,"column":27},"end":{"line":15,"column":1}},"1":{"start":{"line":14,"column":2},"end":{"line":14,"column":52}},"2":{"start":{"line":17,"column":21},"end":{"line":19,"column":1}},"3":{"start":{"line":18,"column":2},"end":{"line":18,"column":56}},"4":{"start":{"line":21,"column":32},"end":{"line":27,"column":1}},"5":{"start":{"line":22,"column":2},"end":{"line":26,"column":4}},"6":{"start":{"line":29,"column":29},"end":{"line":42,"column":1}},"7":{"start":{"line":30,"column":2},"end":{"line":41,"column":3}},"8":{"start":{"line":32,"column":6},"end":{"line":32,"column":58}},"9":{"start":{"line":34,"column":6},"end":{"line":34,"column":52}},"10":{"start":{"line":36,"column":6},"end":{"line":36,"column":63}},"11":{"start":{"line":38,"column":6},"end":{"line":38,"column":23}},"12":{"start":{"line":40,"column":6},"end":{"line":40,"column":23}},"13":{"start":{"line":62,"column":4},"end":{"line":66,"column":6}},"14":{"start":{"line":69,"column":2},"end":{"line":69,"column":74}}},"fnMap":{"0":{"name":"(anonymous_0)","decl":{"start":{"line":13,"column":27},"end":{"line":13,"column":28}},"loc":{"start":{"line":13,"column":46},"end":{"line":15,"column":1}},"line":13},"1":{"name":"(anonymous_1)","decl":{"start":{"line":17,"column":21},"end":{"line":17,"column":22}},"loc":{"start":{"line":17,"column":40},"end":{"line":19,"column":1}},"line":17},"2":{"name":"(anonymous_2)","decl":{"start":{"line":21,"column":32},"end":{"line":21,"column":33}},"loc":{"start":{"line":21,"column":51},"end":{"line":27,"column":1}},"line":21},"3":{"name":"(anonymous_3)","decl":{"start":{"line":29,"column":29},"end":{"line":29,"column":30}},"loc":{"start":{"line":29,"column":50},"end":{"line":42,"column":1}},"line":29},"4":{"name":"renderWithProviders","decl":{"start":{"line":44,"column":16},"end":{"line":44,"column":35}},"loc":{"start":{"line":60,"column":2},"end":{"line":70,"column":1}},"line":60},"5":{"name":"Wrapper","decl":{"start":{"line":61,"column":11},"end":{"line":61,"column":18}},"loc":{"start":{"line":61,"column":33},"end":{"line":67,"column":3}},"line":61}},"branchMap":{"0":{"loc":{"start":{"line":30,"column":2},"end":{"line":41,"column":3}},"type":"switch","locations":[{"start":{"line":31,"column":4},"end":{"line":32,"column":58}},{"start":{"line":33,"column":4},"end":{"line":34,"column":52}},{"start":{"line":35,"column":4},"end":{"line":36,"column":63}},{"start":{"line":37,"column":4},"end":{"line":38,"column":23}},{"start":{"line":39,"column":4},"end":{"line":40,"column":23}}],"line":30},"1":{"loc":{"start":{"line":46,"column":2},"end":{"line":59,"column":8}},"type":"default-arg","locations":[{"start":{"line":59,"column":6},"end":{"line":59,"column":8}}],"line":46},"2":{"loc":{"start":{"line":47,"column":4},"end":{"line":47,"column":23}},"type":"default-arg","locations":[{"start":{"line":47,"column":21},"end":{"line":47,"column":23}}],"line":47},"3":{"loc":{"start":{"line":48,"column":4},"end":{"line":57,"column":6}},"type":"default-arg","locations":[{"start":{"line":48,"column":12},"end":{"line":57,"column":6}}],"line":48}},"s":{"0":4,"1":1,"2":4,"3":0,"4":4,"5":27,"6":4,"7":29,"8":1,"9":0,"10":28,"11":0,"12":0,"13":17,"14":17},"f":{"0":1,"1":0,"2":27,"3":29,"4":17,"5":17},"b":{"0":[1,0,28,0,0],"1":[2],"2":[2],"3":[17]},"_coverageSchema":"1a1c01bbd47fc00a2c39e90264f33305004495a9","hash":"042ddd424fe45b1348cc4d21b54ddd01695fbb1c"}
}
