TN:
SF:src/components/movieCard/MovieCard.jsx
FN:26,MovieCard
FN:30,(anonymous_1)
FN:31,(anonymous_2)
FN:37,(anonymous_3)
FN:43,(anonymous_4)
FN:49,(anonymous_5)
FN:51,(anonymous_6)
FN:70,(anonymous_7)
FN:80,(anonymous_8)
FN:107,(anonymous_9)
FNF:10
FNH:8
FNDA:90,MovieCard
FNDA:126,(anonymous_1)
FNDA:126,(anonymous_2)
FNDA:50,(anonymous_3)
FNDA:50,(anonymous_4)
FNDA:2,(anonymous_5)
FNDA:0,(anonymous_6)
FNDA:2,(anonymous_7)
FNDA:0,(anonymous_8)
FNDA:2,(anonymous_9)
DA:27,90
DA:28,90
DA:30,126
DA:31,126
DA:33,90
DA:34,90
DA:35,90
DA:37,90
DA:38,50
DA:40,50
DA:43,90
DA:44,50
DA:46,50
DA:49,90
DA:50,2
DA:51,2
DA:52,0
DA:54,2
DA:55,2
DA:57,0
DA:70,90
DA:71,2
DA:80,90
DA:81,0
DA:82,0
DA:83,0
DA:89,0
DA:99,0
DA:107,90
DA:108,2
DA:109,2
DA:115,90
DA:203,3
DA:207,3
LF:34
LH:27
BRDA:26,0,0,0
BRDA:54,1,0,2
BRDA:54,1,1,0
BRDA:81,2,0,0
BRDA:81,2,1,0
BRDA:121,3,0,84
BRDA:121,3,1,6
BRDA:127,4,0,90
BRDA:127,4,1,66
BRDA:132,5,0,90
BRDA:132,5,1,66
BRDA:143,6,0,90
BRDA:143,6,1,24
BRDA:163,7,0,24
BRDA:163,7,1,24
BRDA:170,8,0,8
BRDA:170,8,1,16
BRDA:193,9,0,40
BRDA:193,9,1,50
BRDA:196,10,0,6
BRDA:196,10,1,84
BRF:21
BRH:17
end_of_record
TN:
SF:src/components/movieHeader/MovieHeader.jsx
FN:22,MovieHeader
FN:26,(anonymous_1)
FN:33,(anonymous_2)
FN:39,(anonymous_3)
FN:66,(anonymous_4)
FNF:5
FNH:3
FNDA:10,MovieHeader
FNDA:14,(anonymous_1)
FNDA:6,(anonymous_2)
FNDA:0,(anonymous_3)
FNDA:0,(anonymous_4)
DA:23,10
DA:24,10
DA:25,10
DA:26,14
DA:28,10
DA:33,10
DA:34,6
DA:36,6
DA:39,10
DA:40,0
DA:41,0
DA:42,0
DA:48,0
DA:58,0
DA:66,10
DA:67,0
DA:76,10
DA:151,1
LF:18
LH:12
BRDA:29,0,0,3
BRDA:29,0,1,7
BRDA:40,1,0,0
BRDA:40,1,1,0
BRDA:78,2,0,6
BRDA:78,2,1,4
BRDA:97,3,0,0
BRDA:97,3,1,4
BRDA:128,4,0,2
BRDA:128,4,1,2
BRF:10
BRH:7
end_of_record
TN:
SF:src/components/movieList/MovieList.jsx
FN:12,MovieList
FN:14,(anonymous_1)
FN:18,(anonymous_2)
FN:28,(anonymous_3)
FNF:4
FNH:3
FNDA:3,MovieList
FNDA:6,(anonymous_1)
FNDA:0,(anonymous_2)
FNDA:2,(anonymous_3)
DA:13,3
DA:14,6
DA:16,3
DA:17,3
DA:18,0
DA:22,3
DA:29,2
DA:52,1
LF:8
LH:7
BRDA:29,0,0,0
BRDA:29,0,1,2
BRDA:41,1,0,1
BRDA:41,1,1,1
BRF:4
BRH:3
end_of_record
TN:
SF:src/components/navbar/Navbar.jsx
FN:15,Navbar
FN:21,(anonymous_1)
FN:22,(anonymous_2)
FN:24,(anonymous_3)
FN:28,(anonymous_4)
FNF:5
FNH:5
FNDA:16,Navbar
FNDA:27,(anonymous_1)
FNDA:27,(anonymous_2)
FNDA:1,(anonymous_3)
FNDA:16,(anonymous_4)
DA:16,16
DA:17,16
DA:18,16
DA:20,16
DA:21,27
DA:22,27
DA:24,16
DA:25,1
DA:28,16
DA:29,16
DA:30,1
DA:31,1
DA:33,0
DA:37,16
LF:14
LH:13
BRDA:29,0,0,1
BRDA:29,0,1,15
BRDA:30,1,0,1
BRDA:30,1,1,0
BRDA:54,2,0,16
BRDA:54,2,1,0
BRDA:54,2,2,0
BRDA:60,3,0,16
BRDA:60,3,1,0
BRDA:60,3,2,0
BRF:10
BRH:5
end_of_record
TN:
SF:src/components/searchInput/SearchInput.jsx
FN:7,SearchInput
FN:16,(anonymous_1)
FN:20,(anonymous_2)
FN:30,(anonymous_3)
FNF:4
FNH:4
FNDA:18,SearchInput
FNDA:1,(anonymous_1)
FNDA:17,(anonymous_2)
FNDA:1,(anonymous_3)
DA:8,18
DA:9,18
DA:11,18
DA:12,18
DA:14,18
DA:16,18
DA:17,1
DA:20,18
DA:21,17
DA:24,18
DA:30,1
LF:11
LH:11
BRDA:17,0,0,1
BRDA:17,0,1,1
BRDA:29,1,0,18
BRDA:29,1,1,15
BRF:4
BRH:4
end_of_record
TN:
SF:src/pages/favourites/Favourites.jsx
FN:6,Favourites
FN:7,(anonymous_1)
FNF:2
FNH:2
FNDA:7,Favourites
FNDA:14,(anonymous_1)
DA:7,14
DA:9,7
LF:2
LH:2
BRF:0
BRH:0
end_of_record
TN:
SF:src/pages/movies/Movies.jsx
FN:12,Movies
FN:17,(anonymous_1)
FN:19,(anonymous_2)
FN:23,(anonymous_3)
FN:29,(anonymous_4)
FNF:5
FNH:4
FNDA:2,Movies
FNDA:4,(anonymous_1)
FNDA:1,(anonymous_2)
FNDA:1,(anonymous_3)
FNDA:0,(anonymous_4)
DA:13,2
DA:14,2
DA:15,2
DA:17,4
DA:19,2
DA:20,1
DA:21,1
DA:23,1
DA:24,1
DA:29,2
DA:30,0
DA:33,2
LF:12
LH:11
BRDA:20,0,0,1
BRDA:20,0,1,0
BRDA:35,1,0,0
BRDA:35,1,1,2
BRDA:35,2,0,2
BRDA:35,2,1,2
BRDA:43,3,0,2
BRDA:43,3,1,0
BRF:8
BRH:5
end_of_record
TN:
SF:src/pages/watchLater/WatchLater.jsx
FN:6,WatchLater
FN:7,(anonymous_1)
FNF:2
FNH:2
FNDA:7,WatchLater
FNDA:14,(anonymous_1)
DA:7,14
DA:9,7
LF:2
LH:2
BRF:0
BRH:0
end_of_record
TN:
SF:src/store/modalSlice.js
FN:12,(anonymous_0)
FN:19,(anonymous_1)
FNF:2
FNH:1
FNDA:4,(anonymous_0)
FNDA:0,(anonymous_1)
DA:4,4
DA:13,4
DA:14,4
DA:15,4
DA:16,4
DA:20,0
DA:21,0
DA:22,0
DA:27,4
LF:9
LH:6
BRF:0
BRH:0
end_of_record
TN:
SF:src/store/starredSlice.js
FN:9,(anonymous_0)
FN:12,(anonymous_1)
FN:19,(anonymous_2)
FN:20,(anonymous_3)
FN:23,(anonymous_4)
FNF:5
FNH:3
FNDA:0,(anonymous_0)
FNDA:0,(anonymous_1)
FNDA:4,(anonymous_2)
FNDA:5,(anonymous_3)
FNDA:1,(anonymous_4)
DA:3,4
DA:10,0
DA:12,0
DA:14,0
DA:15,0
DA:20,5
DA:21,4
DA:24,1
DA:29,4
LF:9
LH:5
BRDA:14,0,0,0
BRDA:14,0,1,0
BRF:2
BRH:0
end_of_record
TN:
SF:src/store/watchLaterSlice.js
FN:9,(anonymous_0)
FN:12,(anonymous_1)
FN:19,(anonymous_2)
FN:20,(anonymous_3)
FN:23,(anonymous_4)
FNF:5
FNH:3
FNDA:0,(anonymous_0)
FNDA:0,(anonymous_1)
FNDA:4,(anonymous_2)
FNDA:5,(anonymous_3)
FNDA:3,(anonymous_4)
DA:3,4
DA:10,0
DA:12,0
DA:14,0
DA:15,0
DA:20,5
DA:21,4
DA:24,3
DA:29,4
LF:9
LH:5
BRDA:14,0,0,0
BRDA:14,0,1,0
BRF:2
BRH:0
end_of_record
TN:
SF:src/utils/data.js
FNF:0
FNH:0
DA:1,3
LF:1
LH:1
BRF:0
BRH:0
end_of_record
TN:
SF:src/utils/test.helpers.js
FN:13,(anonymous_0)
FN:17,(anonymous_1)
FN:21,(anonymous_2)
FN:29,(anonymous_3)
FN:44,renderWithProviders
FN:61,Wrapper
FNF:6
FNH:5
FNDA:1,(anonymous_0)
FNDA:0,(anonymous_1)
FNDA:27,(anonymous_2)
FNDA:29,(anonymous_3)
FNDA:17,renderWithProviders
FNDA:17,Wrapper
DA:13,4
DA:14,1
DA:17,4
DA:18,0
DA:21,4
DA:22,27
DA:29,4
DA:30,29
DA:32,1
DA:34,0
DA:36,28
DA:38,0
DA:40,0
DA:62,17
DA:69,17
LF:15
LH:11
BRDA:30,0,0,1
BRDA:30,0,1,0
BRDA:30,0,2,28
BRDA:30,0,3,0
BRDA:30,0,4,0
BRDA:46,1,0,2
BRDA:47,2,0,2
BRDA:48,3,0,17
BRF:8
BRH:5
end_of_record
